c:\users\antidod\source\repos\nge_sw-lastmigration\ngeuser\release\vc142.pdb
c:\users\antidod\source\repos\nge_sw-lastmigration\ngeuser\release\systemmanager.obj
c:\users\antidod\source\repos\nge_sw-lastmigration\ngeuser\release\splashscreen.obj
c:\users\antidod\source\repos\nge_sw-lastmigration\ngeuser\release\selfcalibration.obj
c:\users\antidod\source\repos\nge_sw-lastmigration\ngeuser\release\screenselectdlg.obj
c:\users\antidod\source\repos\nge_sw-lastmigration\ngeuser\release\ngeuserdlg.obj
c:\users\antidod\source\repos\nge_sw-lastmigration\ngeuser\release\ngeuserapp.obj
c:\users\antidod\source\repos\nge_sw-lastmigration\ngeuser\release\processingdlg.obj
c:\users\antidod\source\repos\nge_sw-lastmigration\ngeuser\release\maindlg.obj
c:\users\antidod\source\repos\nge_sw-lastmigration\ngeuser\release\handsetdlg.obj
c:\users\antidod\source\repos\nge_sw-lastmigration\ngeuser\release\messagehandler.obj
c:\users\antidod\source\repos\nge_sw-lastmigration\ngeuser\release\signaloutputdlg.obj
c:\users\antidod\source\repos\nge_sw-lastmigration\ngeuser\release\selfcalibrationdlg.obj
c:\users\antidod\source\repos\nge_sw-lastmigration\ngeuser\release\selectitemdlg.obj
c:\users\antidod\source\repos\nge_sw-lastmigration\ngeuser\release\passworddlg.obj
c:\users\antidod\source\repos\nge_sw-lastmigration\ngeuser\release\microcontroller.obj
c:\users\antidod\source\repos\nge_sw-lastmigration\ngeuser\release\microcontroldlg.obj
c:\users\antidod\source\repos\nge_sw-lastmigration\ngeuser\release\lightingdlg.obj
c:\users\antidod\source\repos\nge_sw-lastmigration\ngeuser\release\lightcontrol.obj
c:\users\antidod\source\repos\nge_sw-lastmigration\ngeuser\release\fpgadlg.obj
c:\users\antidod\source\repos\nge_sw-lastmigration\ngeuser\release\enhancementdlg.obj
c:\users\antidod\source\repos\nge_sw-lastmigration\ngeuser\release\cefbrowserdlg.obj
c:\users\antidod\source\repos\nge_sw-lastmigration\ngeuser\release\cameradlg.obj
c:\users\antidod\source\repos\nge_sw-lastmigration\ngeuser\release\systemmanagerdlg.obj
c:\users\antidod\source\repos\nge_sw-lastmigration\ngeuser\release\statusclasses.obj
c:\users\antidod\source\repos\nge_sw-lastmigration\ngeuser\release\mosaicdata.obj
c:\users\antidod\source\repos\nge_sw-lastmigration\ngeuser\release\imagebuilder.obj
c:\users\antidod\source\repos\nge_sw-lastmigration\ngeuser\release\cameradata.obj
c:\users\antidod\source\repos\nge_sw-lastmigration\ngeuser\release\usbreader.obj
c:\users\antidod\source\repos\nge_sw-lastmigration\ngeuser\release\cefclienthandler.obj
c:\users\antidod\source\repos\nge_sw-lastmigration\ngeuser\release\cefclientapp.obj
c:\users\antidod\source\repos\nge_sw-lastmigration\ngeuser\release\ngeuser.pch
c:\users\antidod\source\repos\nge_sw-lastmigration\ngeuser\release\stdafx.obj
c:\users\antidod\source\repos\nge_sw-lastmigration\ngeuser\release\messagequeue.obj
c:\users\antidod\source\repos\nge_sw-lastmigration\ngeuser\release\lightcalsettings.obj
c:\users\antidod\source\repos\nge_sw-lastmigration\ngeuser\release\ledbutton.obj
c:\users\antidod\source\repos\nge_sw-lastmigration\ngeuser\release\laplacianblending.obj
c:\users\antidod\source\repos\nge_sw-lastmigration\ngeuser\release\framespersecond.obj
c:\users\antidod\source\repos\nge_sw-lastmigration\ngeuser\release\enhancementcontrol.obj
c:\users\antidod\source\repos\nge_sw-lastmigration\ngeuser\release\customsliderctrl.obj
c:\users\antidod\source\repos\nge_sw-lastmigration\ngeuser\release\cthinplatespline.obj
c:\users\antidod\source\repos\nge_sw-lastmigration\ngeuser\release\v8handler.obj
c:\users\antidod\source\repos\nge_sw-lastmigration\ngeuser\release\camerasettings.obj
c:\users\antidod\source\repos\nge_sw-lastmigration\ngeuser\release\scopestatus.obj
c:\users\antidod\source\repos\nge_sw-lastmigration\ngeuser\release\scopesettings.obj
c:\users\antidod\source\repos\nge_sw-lastmigration\ngeuser\release\programsettings.obj
c:\users\antidod\source\repos\nge_sw-lastmigration\ngeuser\release\proctimes.obj
c:\users\antidod\source\repos\nge_sw-lastmigration\ngeuser\release\processorboxsettings.obj
c:\users\antidod\source\repos\nge_sw-lastmigration\ngeuser\release\picturectrl.obj
c:\users\antidod\source\repos\nge_sw-lastmigration\ngeuser\release\multimonitor.obj
c:\users\antidod\source\repos\nge_sw-lastmigration\ngeuser\release\monitors.obj
c:\users\antidod\source\repos\nge_sw-lastmigration\ngeuser\release\monitordc.obj
c:\users\antidod\source\repos\nge_sw-lastmigration\ngeuser\release\timingdata.obj
c:\users\antidod\source\repos\nge_sw-lastmigration\ngeuser\release\thinning.obj
c:\users\antidod\source\repos\nge_sw-lastmigration\ngeuser\release\serialport.obj
c:\users\antidod\source\repos\nge_sw-lastmigration\ngeuser\release\signaloutput.obj
c:\users\antidod\source\repos\nge_sw-lastmigration\release\ngeuser.exe
c:\users\antidod\source\repos\nge_sw-lastmigration\release\ngeuser.pdb
c:\users\antidod\source\repos\nge_sw-lastmigration\ngeuser\release\ngeuser.res
c:\users\antidod\source\repos\nge_sw-lastmigration\ngeuser\release\ngeuser.tlog\cl.command.1.tlog
c:\users\antidod\source\repos\nge_sw-lastmigration\ngeuser\release\ngeuser.tlog\cl.read.1.tlog
c:\users\antidod\source\repos\nge_sw-lastmigration\ngeuser\release\ngeuser.tlog\cl.write.1.tlog
c:\users\antidod\source\repos\nge_sw-lastmigration\ngeuser\release\ngeuser.tlog\link.command.1.tlog
c:\users\antidod\source\repos\nge_sw-lastmigration\ngeuser\release\ngeuser.tlog\link.read.1.tlog
c:\users\antidod\source\repos\nge_sw-lastmigration\ngeuser\release\ngeuser.tlog\link.write.1.tlog
c:\users\antidod\source\repos\nge_sw-lastmigration\ngeuser\release\ngeuser.tlog\rc.command.1.tlog
c:\users\antidod\source\repos\nge_sw-lastmigration\ngeuser\release\ngeuser.tlog\rc.read.1.tlog
c:\users\antidod\source\repos\nge_sw-lastmigration\ngeuser\release\ngeuser.tlog\rc.write.1.tlog
